# JRE version: OpenJDK Runtime Environment Temurin-17.0.7+7 (17.0.7+7) (build 17.0.7+7)
# Java VM: OpenJDK 64-Bit Server VM Temurin-17.0.7+7 (17.0.7+7, mixed mode, emulated-client, tiered, compressed oops, compressed class ptrs, g1 gc, windows-amd64)
GC Precious Log:
 CPUs: 4 total, 4 available
 Memory: 16338M
 Large Page Support: Disabled
 NUMA Support: Disabled
 Compressed Oops: Enabled (Zero based)
 Heap Region Size: 2M
 Heap Min Capacity: 8M
 Heap Initial Capacity: 256M
 Heap Max Capacity: 4086M
 Pre-touch: Disabled
 Parallel Workers: 4
 Concurrent Workers: 1
 Concurrent Refinement Workers: 4
 Periodic GC: Disabled
Heap:
 garbage-first heap   total 161792K, used 57212K [0x0000000700a00000, 0x0000000800000000)
  region size 2048K, 22 young (45056K), 3 survivors (6144K)
 Metaspace       used 54386K, committed 54976K, reserved 1114112K
  class space    used 6696K, committed 6976K, reserved 1048576K
GC Heap History (20 events):
Event: 1.477 GC heap before
{Heap before GC invocations=5 (full 0):
 garbage-first heap   total 49152K, used 36668K [0x0000000700a00000, 0x0000000800000000)
  region size 2048K, 17 young (34816K), 2 survivors (4096K)
 Metaspace       used 23765K, committed 24064K, reserved 1114112K
  class space    used 2691K, committed 2816K, reserved 1048576K
}
Event: 1.480 GC heap after
{Heap after GC invocations=6 (full 0):
 garbage-first heap   total 49152K, used 8532K [0x0000000700a00000, 0x0000000800000000)
  region size 2048K, 2 young (4096K), 2 survivors (4096K)
 Metaspace       used 23765K, committed 24064K, reserved 1114112K
  class space    used 2691K, committed 2816K, reserved 1048576K
}
Event: 1.493 GC heap before
{Heap before GC invocations=6 (full 0):
 garbage-first heap   total 49152K, used 10580K [0x0000000700a00000, 0x0000000800000000)
  region size 2048K, 3 young (6144K), 2 survivors (4096K)
 Metaspace       used 24032K, committed 24384K, reserved 1114112K
  class space    used 2730K, committed 2880K, reserved 1048576K
}
Event: 1.497 GC heap after
{Heap after GC invocations=7 (full 0):
 garbage-first heap   total 49152K, used 8638K [0x0000000700a00000, 0x0000000800000000)
  region size 2048K, 1 young (2048K), 1 survivors (2048K)
 Metaspace       used 24032K, committed 24384K, reserved 1114112K
  class space    used 2730K, committed 2880K, reserved 1048576K
}
Event: 1.584 GC heap before
{Heap before GC invocations=7 (full 0):
 garbage-first heap   total 49152K, used 31166K [0x0000000700a00000, 0x0000000800000000)
  region size 2048K, 13 young (26624K), 1 survivors (2048K)
 Metaspace       used 26280K, committed 26560K, reserved 1114112K
  class space    used 2999K, committed 3136K, reserved 1048576K
}
Event: 1.586 GC heap after
{Heap after GC invocations=8 (full 0):
 garbage-first heap   total 155648K, used 9034K [0x0000000700a00000, 0x0000000800000000)
  region size 2048K, 1 young (2048K), 1 survivors (2048K)
 Metaspace       used 26280K, committed 26560K, reserved 1114112K
  class space    used 2999K, committed 3136K, reserved 1048576K
}
Event: 2.271 GC heap before
{Heap before GC invocations=8 (full 0):
 garbage-first heap   total 155648K, used 99146K [0x0000000700a00000, 0x0000000800000000)
  region size 2048K, 45 young (92160K), 1 survivors (2048K)
 Metaspace       used 32441K, committed 32896K, reserved 1114112K
  class space    used 3910K, committed 4096K, reserved 1048576K
}
Event: 2.277 GC heap after
{Heap after GC invocations=9 (full 0):
 garbage-first heap   total 155648K, used 12279K [0x0000000700a00000, 0x0000000800000000)
  region size 2048K, 3 young (6144K), 3 survivors (6144K)
 Metaspace       used 32441K, committed 32896K, reserved 1114112K
  class space    used 3910K, committed 4096K, reserved 1048576K
}
Event: 2.580 GC heap before
{Heap before GC invocations=9 (full 0):
 garbage-first heap   total 155648K, used 45047K [0x0000000700a00000, 0x0000000800000000)
  region size 2048K, 20 young (40960K), 3 survivors (6144K)
 Metaspace       used 35698K, committed 36096K, reserved 1114112K
  class space    used 4343K, committed 4544K, reserved 1048576K
}
Event: 2.586 GC heap after
{Heap after GC invocations=10 (full 0):
 garbage-first heap   total 155648K, used 14341K [0x0000000700a00000, 0x0000000800000000)
  region size 2048K, 4 young (8192K), 4 survivors (8192K)
 Metaspace       used 35698K, committed 36096K, reserved 1114112K
  class space    used 4343K, committed 4544K, reserved 1048576K
}
Event: 2.951 GC heap before
{Heap before GC invocations=11 (full 0):
 garbage-first heap   total 61440K, used 43013K [0x0000000700a00000, 0x0000000800000000)
  region size 2048K, 18 young (36864K), 4 survivors (8192K)
 Metaspace       used 38332K, committed 38784K, reserved 1114112K
  class space    used 4686K, committed 4928K, reserved 1048576K
}
Event: 2.957 GC heap after
{Heap after GC invocations=12 (full 0):
 garbage-first heap   total 61440K, used 15768K [0x0000000700a00000, 0x0000000800000000)
  region size 2048K, 2 young (4096K), 2 survivors (4096K)
 Metaspace       used 38332K, committed 38784K, reserved 1114112K
  class space    used 4686K, committed 4928K, reserved 1048576K
}
Event: 2.975 GC heap before
{Heap before GC invocations=12 (full 0):
 garbage-first heap   total 61440K, used 17816K [0x0000000700a00000, 0x0000000800000000)
  region size 2048K, 3 young (6144K), 2 survivors (4096K)
 Metaspace       used 38532K, committed 38976K, reserved 1114112K
  class space    used 4719K, committed 4928K, reserved 1048576K
}
Event: 2.979 GC heap after
{Heap after GC invocations=13 (full 0):
 garbage-first heap   total 61440K, used 16350K [0x0000000700a00000, 0x0000000800000000)
  region size 2048K, 1 young (2048K), 1 survivors (2048K)
 Metaspace       used 38532K, committed 38976K, reserved 1114112K
  class space    used 4719K, committed 4928K, reserved 1048576K
}
Event: 3.172 GC heap before
{Heap before GC invocations=13 (full 0):
 garbage-first heap   total 61440K, used 45022K [0x0000000700a00000, 0x0000000800000000)
  region size 2048K, 16 young (32768K), 1 survivors (2048K)
 Metaspace       used 41981K, committed 42496K, reserved 1114112K
  class space    used 5156K, committed 5376K, reserved 1048576K
}
Event: 3.175 GC heap after
{Heap after GC invocations=14 (full 0):
 garbage-first heap   total 61440K, used 16693K [0x0000000700a00000, 0x0000000800000000)
  region size 2048K, 1 young (2048K), 1 survivors (2048K)
 Metaspace       used 41981K, committed 42496K, reserved 1114112K
  class space    used 5156K, committed 5376K, reserved 1048576K
}
Event: 3.270 GC heap before
{Heap before GC invocations=14 (full 0):
 garbage-first heap   total 61440K, used 47413K [0x0000000700a00000, 0x0000000800000000)
  region size 2048K, 16 young (32768K), 1 survivors (2048K)
 Metaspace       used 42395K, committed 42880K, reserved 1114112K
  class space    used 5212K, committed 5440K, reserved 1048576K
}
Event: 3.273 GC heap after
{Heap after GC invocations=15 (full 0):
 garbage-first heap   total 161792K, used 16977K [0x0000000700a00000, 0x0000000800000000)
  region size 2048K, 1 young (2048K), 1 survivors (2048K)
 Metaspace       used 42395K, committed 42880K, reserved 1114112K
  class space    used 5212K, committed 5440K, reserved 1048576K
}
Event: 7.326 GC heap before
{Heap before GC invocations=15 (full 0):
 garbage-first heap   total 161792K, used 109137K [0x0000000700a00000, 0x0000000800000000)
  region size 2048K, 47 young (96256K), 1 survivors (2048K)
 Metaspace       used 50884K, committed 51456K, reserved 1114112K
  class space    used 6212K, committed 6464K, reserved 1048576K
}
Event: 7.332 GC heap after
{Heap after GC invocations=16 (full 0):
 garbage-first heap   total 161792K, used 20348K [0x0000000700a00000, 0x0000000800000000)
  region size 2048K, 3 young (6144K), 3 survivors (6144K)
 Metaspace       used 50884K, committed 51456K, reserved 1114112K
  class space    used 6212K, committed 6464K, reserved 1048576K
}

